<?xml version="1.0" encoding="UTF-8"?>
<testng-results ignored="0" total="2" passed="2" failed="0" skipped="0">
  <reporter-output>
  </reporter-output>
  <suite started-at="2022-12-15T16:05:53 IST" name="Default suite" finished-at="2022-12-15T16:06:15 IST" duration-ms="22176">
    <groups>
    </groups>
    <test started-at="2022-12-15T16:05:53 IST" name="Default test" finished-at="2022-12-15T16:06:15 IST" duration-ms="22176">
      <class name="com.testng.annotations.Parallel_Testing">
        <test-method is-config="true" signature="browser()[pri:0, instance:com.testng.annotations.Parallel_Testing@28dcca0c]" started-at="2022-12-15T16:05:53 IST" name="browser" finished-at="2022-12-15T16:06:06 IST" duration-ms="12911" status="PASS">
          <reporter-output>
          </reporter-output>
        </test-method> <!-- browser -->
        <test-method signature="fb()[pri:0, instance:com.testng.annotations.Parallel_Testing@28dcca0c]" started-at="2022-12-15T16:06:06 IST" name="fb" finished-at="2022-12-15T16:06:09 IST" duration-ms="3229" status="PASS">
          <reporter-output>
          </reporter-output>
        </test-method> <!-- fb -->
        <test-method signature="instagram()[pri:0, instance:com.testng.annotations.Parallel_Testing@28dcca0c]" started-at="2022-12-15T16:06:10 IST" name="instagram" finished-at="2022-12-15T16:06:15 IST" duration-ms="5453" status="PASS">
          <reporter-output>
          </reporter-output>
        </test-method> <!-- instagram -->
      </class> <!-- com.testng.annotations.Parallel_Testing -->
    </test> <!-- Default test -->
  </suite> <!-- Default suite -->
</testng-results>
